<?xml  version="1.0" encoding="UTF-8"?>
<beans xmlns="http://www.springframework.org/schema/beans"
	xmlns:xsi="http://www.w3.org/2001/XMLSchema-instance" 
	xmlns:aop="http://www.springframework.org/schema/aop"
	xmlns:tx="http://www.springframework.org/schema/tx"
	xmlns:p="http://www.springframework.org/schema/p" 
	xmlns:util="http://www.springframework.org/schema/util"
	xmlns:jdbc="http://www.springframework.org/schema/jdbc"
	xmlns:context="http://www.springframework.org/schema/context" 
	xsi:schemaLocation="http://www.springframework.org/schema/beans http://www.springframework.org/schema/beans/spring-beans.xsd
	http://www.springframework.org/schema/util http://www.springframework.org/schema/util/spring-util.xsd
	http://www.springframework.org/schema/aop http://www.springframework.org/schema/aop/spring-aop.xsd
	http://www.springframework.org/schema/context http://www.springframework.org/schema/context/spring-context.xsd 
	http://www.springframework.org/schema/jdbc http://www.springframework.org/schema/jdbc/spring-jdbc.xsd
    http://www.springframework.org/schema/tx http://www.springframework.org/schema/tx/spring-tx.xsd">

	<context:annotation-config />
	
	<context:component-scan base-package="fr.treeptik" />

	<!-- <util:properties id="config" location="classpath:config.properties" 
		/> -->

	<!-- <jdbc:initialize-database data-source="dataSource"> -->
	<!-- <jdbc:script location="classpath:initTest.sql" /> -->
	<!-- </jdbc:initialize-database> -->

	<!-- Paramétrage du container léger -->
	<!-- <context:annotation-config /> -->
	<!-- <context:component-scan base-package="fr.treeptik" /> -->
	<!-- <context:property-placeholder location="classpath:config.properties" 
		/> -->


	<!-- Déclaration d'un PropertyDAOJdbc -->

	<!-- <bean id="propertyDAOJdbcImpl" class="fr.treeptik.dao.impl.PropertyDAOJdbcImpl"> -->
	<!-- <property name="dataSource" ref="datasource" /> -->
	<!-- </bean> -->

	<!-- Single ConnectionDataSource connexion qui est réutilisée systématiquement -->
	<!-- <bean id="dataSource" class="org.apache.commons.dbcp.BasicDataSource"> -->
	<!-- <property name="driverClassName" value="${database.driver}" /> -->
	<!-- <property name="url" value="${database.url}" /> -->
	<!-- <property name="username" value="${database.user}" /> -->
	<!-- <property name="password" value="${database.password}" /> -->
	<!-- </bean> -->

	<!-- <bean id="entityManagerFactory" -->
	<!-- class="org.springframework.orm.jpa.LocalContainerEntityManagerFactoryBean"> -->
	<!-- <property name="dataSource" ref="dataSource" /> -->
	<!-- <property name="packagesToScan" value="fr.treeptik.model" /> -->
	<!-- <property name="jpaVendorAdapter"> -->
	<!-- <bean class="org.springframework.orm.jpa.vendor.HibernateJpaVendorAdapter"> -->
	<!-- <property name="formatSql" value="true" /> -->
	<!-- <property name="hbm2ddlAuto" value="validate" /> -->
	<!-- <property name="showSql" value="true" /> -->
	<!-- <property name="generateDdl" value="true" /> -->
	<!-- <property name="databasePlatform" value="org.hibernate.dialect.MySQLDialect" 
		/> -->
	<!-- </bean> -->
	<!-- </property> -->
	<!-- </bean> -->

	<!-- <bean id="transactionManager" class="org.springframework.orm.jpa.JpaTransactionManager" -->
	<!-- p:entityManagerFactory-ref="entityManagerFactory" /> -->

	<!-- <tx:annotation-driven transaction-manager="transactionManager" /> -->


</beans>
